<?xml version="1.0" encoding="UTF-8"?>
<!-- Generated by org.testng.reporters.JUnitReportReporter -->
<testsuite hostname="REVATHIBABU" failures="0" tests="1" name="vsc.test.LoginTest" time="12.287" errors="0" timestamp="7 Apr 2020 17:44:27 GMT">
  <testcase classname="vsc.test.LoginTest" name="Login" time="12.287"/>
</testsuite> <!-- vsc.test.LoginTest -->
