<?xml version="1.0" encoding="UTF-8"?>
<!-- Generated by org.testng.reporters.JUnitReportReporter -->
<testsuite hostname="REVATHIBABU" failures="0" tests="1" name="com.utilities.EncodeDecode" time="0.048" errors="0" timestamp="12 Mar 2020 10:40:16 GMT">
  <testcase classname="com.utilities.EncodeDecode" name="encrypt" time="0.048"/>
</testsuite> <!-- com.utilities.EncodeDecode -->
