<?xml version="1.0" encoding="UTF-8"?>
<!-- Generated by org.testng.reporters.JUnitReportReporter -->
<testsuite hostname="REVATHIBABU" failures="0" tests="1" name="vsc.testData.LoginData" time="2.376" errors="0" timestamp="4 Mar 2020 18:04:46 GMT">
  <testcase classname="vsc.testData.LoginData" name="cc" time="2.376"/>
</testsuite> <!-- vsc.testData.LoginData -->
