<?xml version="1.0" encoding="UTF-8"?>
<!-- Generated by org.testng.reporters.JUnitReportReporter -->
<testsuite hostname="REVATHIBABU" failures="0" tests="2" name="datasetup.Dataprovider" time="0.035" errors="0" timestamp="1 Mar 2020 12:31:54 GMT">
  <testcase classname="datasetup.Dataprovider" name="Login" time="0.027"/>
  <testcase classname="datasetup.Dataprovider" name="Login" time="0.008"/>
</testsuite> <!-- datasetup.Dataprovider -->
