<?xml version="1.0" encoding="UTF-8"?>
<!-- Generated by org.testng.reporters.JUnitReportReporter -->
<testsuite hostname="REVATHIBABU" failures="0" tests="1" name="vsc.test.DemoTest" time="0.043" errors="0" timestamp="26 Mar 2020 19:00:30 GMT">
  <testcase classname="vsc.test.DemoTest" name="testMethodOne" time="0.043"/>
</testsuite> <!-- vsc.test.DemoTest -->
